<?xml version="1.0" encoding="UTF-8"?>
<robot generator="Robot 3.1.2 (Python 3.8.0 on win32)" generated="20191204 03:36:04.978" rpa="true">
<suite id="s1" name="RobotWorkspace" source="C:\Users\ETELGOU\OneDrive - Ericsson AB\Gourav\DevOps\Robot\RobotWorkspace">
<suite id="s1-s1" name="Test" source="C:\Users\ETELGOU\OneDrive - Ericsson AB\Gourav\DevOps\Robot\RobotWorkspace\test">
<suite id="s1-s1-s1" name="RobotTestSuite1" source="C:\Users\ETELGOU\OneDrive - Ericsson AB\Gourav\DevOps\Robot\RobotWorkspace\test\RobotTestSuite1.robot">
<kw name="Log" library="BuiltIn" type="setup">
<doc>Logs the given message with the given level.</doc>
<arguments>
<arg>I am inside test suite setup</arg>
</arguments>
<msg timestamp="20191204 03:36:05.713" level="INFO">I am inside test suite setup</msg>
<status status="PASS" starttime="20191204 03:36:05.713" endtime="20191204 03:36:05.714"></status>
</kw>
<test id="s1-s1-s1-t1" name="MyFirstTest">
<kw name="Log" library="BuiltIn" type="setup">
<doc>Logs the given message with the given level.</doc>
<arguments>
<arg>I am inside task setup</arg>
</arguments>
<msg timestamp="20191204 03:36:05.717" level="INFO">I am inside task setup</msg>
<status status="PASS" starttime="20191204 03:36:05.716" endtime="20191204 03:36:05.717"></status>
</kw>
<kw name="Log" library="BuiltIn">
<doc>Logs the given message with the given level.</doc>
<arguments>
<arg>Hello First...</arg>
</arguments>
<msg timestamp="20191204 03:36:05.718" level="INFO">Hello First...</msg>
<status status="PASS" starttime="20191204 03:36:05.718" endtime="20191204 03:36:05.718"></status>
</kw>
<kw name="Log" library="BuiltIn" type="teardown">
<doc>Logs the given message with the given level.</doc>
<arguments>
<arg>I am inside task teardown</arg>
</arguments>
<msg timestamp="20191204 03:36:05.719" level="INFO">I am inside task teardown</msg>
<status status="PASS" starttime="20191204 03:36:05.718" endtime="20191204 03:36:05.719"></status>
</kw>
<tags>
<tag>smoke</tag>
</tags>
<status status="PASS" starttime="20191204 03:36:05.715" endtime="20191204 03:36:05.720" critical="yes"></status>
</test>
<kw name="Log" library="BuiltIn" type="teardown">
<doc>Logs the given message with the given level.</doc>
<arguments>
<arg>I am inside test suite teardown</arg>
</arguments>
<msg timestamp="20191204 03:36:05.722" level="INFO">I am inside test suite teardown</msg>
<status status="PASS" starttime="20191204 03:36:05.722" endtime="20191204 03:36:05.722"></status>
</kw>
<status status="PASS" starttime="20191204 03:36:05.129" endtime="20191204 03:36:05.723"></status>
</suite>
<status status="PASS" starttime="20191204 03:36:05.123" endtime="20191204 03:36:05.726"></status>
</suite>
<status status="PASS" starttime="20191204 03:36:05.067" endtime="20191204 03:36:05.729"></status>
</suite>
<statistics>
<total>
<stat pass="1" fail="0">Critical Tasks</stat>
<stat pass="1" fail="0">All Tasks</stat>
</total>
<tag>
<stat pass="1" fail="0">smoke</stat>
</tag>
<suite>
<stat pass="1" fail="0" id="s1" name="RobotWorkspace">RobotWorkspace</stat>
<stat pass="1" fail="0" id="s1-s1" name="Test">RobotWorkspace.Test</stat>
<stat pass="1" fail="0" id="s1-s1-s1" name="RobotTestSuite1">RobotWorkspace.Test.RobotTestSuite1</stat>
</suite>
</statistics>
<errors>
</errors>
</robot>
